[
  {
    "__dict__": true,
    "keys": [
      "metadata",
      "name",
      "class",
      "data"
    ],
    "values": [
      {
        "__dict__": true,
        "keys": [
          "depends",
          "backend",
          "number",
          "modified",
          "searchable",
          "processed"
        ],
        "values": [
          [
            
          ],
          "sqlite",
          37,
          "2022-07-26T11:48:51.309370",
          true,
          "2022-07-26T11:48:51.541695"
        ]
      },
      "resicled_materials",
      {
        "__dict__": true,
        "keys": [
          "module",
          "name"
        ],
        "values": [
          "bw2data.backends.peewee.database",
          "SQLiteBackend"
        ]
      },
      {
        "__dict__": true,
        "keys": [
          {
            "__tuple__": true,
            "data": [
              "resicled_materials",
              "11"
            ]
          },
          {
            "__tuple__": true,
            "data": [
              "resicled_materials",
              "12"
            ]
          },
          {
            "__tuple__": true,
            "data": [
              "resicled_materials",
              "7"
            ]
          },
          {
            "__tuple__": true,
            "data": [
              "resicled_materials",
              "27"
            ]
          },
          {
            "__tuple__": true,
            "data": [
              "resicled_materials",
              "25"
            ]
          },
          {
            "__tuple__": true,
            "data": [
              "resicled_materials",
              "26"
            ]
          },
          {
            "__tuple__": true,
            "data": [
              "resicled_materials",
              "30"
            ]
          },
          {
            "__tuple__": true,
            "data": [
              "resicled_materials",
              "3"
            ]
          },
          {
            "__tuple__": true,
            "data": [
              "resicled_materials",
              "35"
            ]
          },
          {
            "__tuple__": true,
            "data": [
              "resicled_materials",
              "18"
            ]
          },
          {
            "__tuple__": true,
            "data": [
              "resicled_materials",
              "36"
            ]
          },
          {
            "__tuple__": true,
            "data": [
              "resicled_materials",
              "2"
            ]
          },
          {
            "__tuple__": true,
            "data": [
              "resicled_materials",
              "14"
            ]
          },
          {
            "__tuple__": true,
            "data": [
              "resicled_materials",
              "19"
            ]
          },
          {
            "__tuple__": true,
            "data": [
              "resicled_materials",
              "6"
            ]
          },
          {
            "__tuple__": true,
            "data": [
              "resicled_materials",
              "8"
            ]
          },
          {
            "__tuple__": true,
            "data": [
              "resicled_materials",
              "17"
            ]
          },
          {
            "__tuple__": true,
            "data": [
              "resicled_materials",
              "33"
            ]
          },
          {
            "__tuple__": true,
            "data": [
              "resicled_materials",
              "29"
            ]
          },
          {
            "__tuple__": true,
            "data": [
              "resicled_materials",
              "24"
            ]
          },
          {
            "__tuple__": true,
            "data": [
              "resicled_materials",
              "4"
            ]
          },
          {
            "__tuple__": true,
            "data": [
              "resicled_materials",
              "15"
            ]
          },
          {
            "__tuple__": true,
            "data": [
              "resicled_materials",
              "22"
            ]
          },
          {
            "__tuple__": true,
            "data": [
              "resicled_materials",
              "28"
            ]
          },
          {
            "__tuple__": true,
            "data": [
              "resicled_materials",
              "16"
            ]
          },
          {
            "__tuple__": true,
            "data": [
              "resicled_materials",
              "20"
            ]
          },
          {
            "__tuple__": true,
            "data": [
              "resicled_materials",
              "37"
            ]
          },
          {
            "__tuple__": true,
            "data": [
              "resicled_materials",
              "23"
            ]
          },
          {
            "__tuple__": true,
            "data": [
              "resicled_materials",
              "1"
            ]
          },
          {
            "__tuple__": true,
            "data": [
              "resicled_materials",
              "5"
            ]
          },
          {
            "__tuple__": true,
            "data": [
              "resicled_materials",
              "31"
            ]
          },
          {
            "__tuple__": true,
            "data": [
              "resicled_materials",
              "9"
            ]
          },
          {
            "__tuple__": true,
            "data": [
              "resicled_materials",
              "34"
            ]
          },
          {
            "__tuple__": true,
            "data": [
              "resicled_materials",
              "10"
            ]
          },
          {
            "__tuple__": true,
            "data": [
              "resicled_materials",
              "32"
            ]
          },
          {
            "__tuple__": true,
            "data": [
              "resicled_materials",
              "13"
            ]
          },
          {
            "__tuple__": true,
            "data": [
              "resicled_materials",
              "21"
            ]
          }
        ],
        "values": [
          {
            "__dict__": true,
            "keys": [
              "id_material",
              "type_material",
              "name",
              "recdis_material",
              "enerdis_material",
              "wastedis_material",
              "recshr_material",
              "enershr_material",
              "wasteshr_material",
              "price_material",
              "pollutant_material",
              "type",
              "database",
              "unit",
              "code",
              "exchanges"
            ],
            "values": [
              11,
              "Polymers",
              "ABS-PC",
              "94,00",
              "1,00",
              "5,00",
              "0,00",
              "5,00",
              "95,00",
              530,
              "false",
              "resicled_materials",
              "resicled_materials",
              "unit",
              "11",
              [
                
              ]
            ]
          },
          {
            "__dict__": true,
            "keys": [
              "id_material",
              "type_material",
              "name",
              "recdis_material",
              "enerdis_material",
              "wastedis_material",
              "recshr_material",
              "enershr_material",
              "wasteshr_material",
              "price_material",
              "pollutant_material",
              "type",
              "database",
              "unit",
              "code",
              "exchanges"
            ],
            "values": [
              12,
              "Polymers",
              "PA",
              "94,00",
              "1,00",
              "5,00",
              "0,00",
              "5,00",
              "95,00",
              29928,
              "false",
              "resicled_materials",
              "resicled_materials",
              "unit",
              "12",
              [
                
              ]
            ]
          },
          {
            "__dict__": true,
            "keys": [
              "id_material",
              "type_material",
              "name",
              "recdis_material",
              "enerdis_material",
              "wastedis_material",
              "recshr_material",
              "enershr_material",
              "wasteshr_material",
              "price_material",
              "pollutant_material",
              "type",
              "database",
              "unit",
              "code",
              "exchanges"
            ],
            "values": [
              7,
              "Polymers",
              "PP-GF",
              "94,00",
              "1,00",
              "5,00",
              "90,00",
              "1,00",
              "9,00",
              300,
              "false",
              "resicled_materials",
              "resicled_materials",
              "unit",
              "7",
              [
                
              ]
            ]
          },
          {
            "__dict__": true,
            "keys": [
              "id_material",
              "type_material",
              "name",
              "recdis_material",
              "enerdis_material",
              "wastedis_material",
              "recshr_material",
              "enershr_material",
              "wasteshr_material",
              "price_material",
              "pollutant_material",
              "type",
              "database",
              "unit",
              "code",
              "exchanges"
            ],
            "values": [
              27,
              "Other",
              "Battery (Lead-acid)",
              "60,00",
              "0,00",
              "40,00",
              "0,00",
              "0,00",
              "0,00",
              "",
              "true",
              "resicled_materials",
              "resicled_materials",
              "unit",
              "27",
              [
                
              ]
            ]
          },
          {
            "__dict__": true,
            "keys": [
              "id_material",
              "type_material",
              "name",
              "recdis_material",
              "enerdis_material",
              "wastedis_material",
              "recshr_material",
              "enershr_material",
              "wasteshr_material",
              "price_material",
              "pollutant_material",
              "type",
              "database",
              "unit",
              "code",
              "exchanges"
            ],
            "values": [
              25,
              "Other",
              "Cable (high current)",
              "33,00",
              "0,00",
              "67,00",
              "0,00",
              "0,00",
              "0,00",
              "",
              "true",
              "resicled_materials",
              "resicled_materials",
              "unit",
              "25",
              [
                
              ]
            ]
          },
          {
            "__dict__": true,
            "keys": [
              "id_material",
              "type_material",
              "name",
              "recdis_material",
              "enerdis_material",
              "wastedis_material",
              "recshr_material",
              "enershr_material",
              "wasteshr_material",
              "price_material",
              "pollutant_material",
              "type",
              "database",
              "unit",
              "code",
              "exchanges"
            ],
            "values": [
              26,
              "Other",
              "Cable (low current)",
              "24,00",
              "0,00",
              "76,00",
              "0,00",
              "0,00",
              "0,00",
              "",
              "true",
              "resicled_materials",
              "resicled_materials",
              "unit",
              "26",
              [
                
              ]
            ]
          },
          {
            "__dict__": true,
            "keys": [
              "id_material",
              "type_material",
              "name",
              "recdis_material",
              "enerdis_material",
              "wastedis_material",
              "recshr_material",
              "enershr_material",
              "wasteshr_material",
              "price_material",
              "pollutant_material",
              "type",
              "database",
              "unit",
              "code",
              "exchanges"
            ],
            "values": [
              30,
              "Other",
              "CPT",
              "90,00",
              "0,00",
              "10,00",
              "0,00",
              "0,00",
              "0,00",
              "",
              "true",
              "resicled_materials",
              "resicled_materials",
              "unit",
              "30",
              [
                
              ]
            ]
          },
          {
            "__dict__": true,
            "keys": [
              "id_material",
              "type_material",
              "name",
              "recdis_material",
              "enerdis_material",
              "wastedis_material",
              "recshr_material",
              "enershr_material",
              "wasteshr_material",
              "price_material",
              "pollutant_material",
              "type",
              "database",
              "unit",
              "code",
              "exchanges"
            ],
            "values": [
              3,
              "Polymers",
              "HIPS",
              "94,00",
              "1,00",
              "5,00",
              "83,00",
              "1,00",
              "16,00",
              545,
              "false",
              "resicled_materials",
              "resicled_materials",
              "unit",
              "3",
              [
                
              ]
            ]
          },
          {
            "__dict__": true,
            "keys": [
              "id_material",
              "type_material",
              "name",
              "recdis_material",
              "enerdis_material",
              "wastedis_material",
              "recshr_material",
              "enershr_material",
              "wasteshr_material",
              "price_material",
              "pollutant_material",
              "type",
              "database",
              "unit",
              "code",
              "exchanges"
            ],
            "values": [
              35,
              "Other",
              "Cartouche encre",
              "0,00",
              "0,00",
              "100,00",
              "0,00",
              "0,00",
              "0,00",
              "",
              "true",
              "resicled_materials",
              "resicled_materials",
              "unit",
              "35",
              [
                
              ]
            ]
          },
          {
            "__dict__": true,
            "keys": [
              "id_material",
              "type_material",
              "name",
              "recdis_material",
              "enerdis_material",
              "wastedis_material",
              "recshr_material",
              "enershr_material",
              "wasteshr_material",
              "price_material",
              "pollutant_material",
              "type",
              "database",
              "unit",
              "code",
              "exchanges"
            ],
            "values": [
              18,
              "Polymers",
              "Other Polymer",
              "0,00",
              "5,00",
              "95,00",
              "0,00",
              "5,00",
              "95,00",
              400,
              "false",
              "resicled_materials",
              "resicled_materials",
              "unit",
              "18",
              [
                
              ]
            ]
          },
          {
            "__dict__": true,
            "keys": [
              "id_material",
              "type_material",
              "name",
              "recdis_material",
              "enerdis_material",
              "wastedis_material",
              "recshr_material",
              "enershr_material",
              "wasteshr_material",
              "price_material",
              "pollutant_material",
              "type",
              "database",
              "unit",
              "code",
              "exchanges"
            ],
            "values": [
              36,
              "Other",
              "Cardboard (packaging)",
              "59,00",
              "7,00",
              "34,00",
              "0,00",
              "0,00",
              "100,00",
              "",
              "false",
              "resicled_materials",
              "resicled_materials",
              "unit",
              "36",
              [
                
              ]
            ]
          },
          {
            "__dict__": true,
            "keys": [
              "id_material",
              "type_material",
              "name",
              "recdis_material",
              "enerdis_material",
              "wastedis_material",
              "recshr_material",
              "enershr_material",
              "wasteshr_material",
              "price_material",
              "pollutant_material",
              "type",
              "database",
              "unit",
              "code",
              "exchanges"
            ],
            "values": [
              2,
              "Polymers",
              "ABS with any additives",
              "94,00",
              "1,00",
              "5,00",
              "0,00",
              "5,00",
              "95,00",
              400,
              "false",
              "resicled_materials",
              "resicled_materials",
              "unit",
              "2",
              [
                
              ]
            ]
          },
          {
            "__dict__": true,
            "keys": [
              "id_material",
              "type_material",
              "name",
              "recdis_material",
              "enerdis_material",
              "wastedis_material",
              "recshr_material",
              "enershr_material",
              "wasteshr_material",
              "price_material",
              "pollutant_material",
              "type",
              "database",
              "unit",
              "code",
              "exchanges"
            ],
            "values": [
              14,
              "Polymers",
              "HDPE",
              "94,00",
              "1,00",
              "5,00",
              "0,00",
              "5,00",
              "95,00",
              132,
              "false",
              "resicled_materials",
              "resicled_materials",
              "unit",
              "14",
              [
                
              ]
            ]
          },
          {
            "__dict__": true,
            "keys": [
              "id_material",
              "type_material",
              "name",
              "recdis_material",
              "enerdis_material",
              "wastedis_material",
              "recshr_material",
              "enershr_material",
              "wasteshr_material",
              "price_material",
              "pollutant_material",
              "type",
              "database",
              "unit",
              "code",
              "exchanges"
            ],
            "values": [
              19,
              "Metals",
              "Steel",
              "95,00",
              "0,00",
              "5,00",
              "95,00",
              "0,00",
              "5,00",
              176,
              "false",
              "resicled_materials",
              "resicled_materials",
              "unit",
              "19",
              [
                
              ]
            ]
          },
          {
            "__dict__": true,
            "keys": [
              "id_material",
              "type_material",
              "name",
              "recdis_material",
              "enerdis_material",
              "wastedis_material",
              "recshr_material",
              "enershr_material",
              "wasteshr_material",
              "price_material",
              "pollutant_material",
              "type",
              "database",
              "unit",
              "code",
              "exchanges"
            ],
            "values": [
              6,
              "Polymers",
              "PP+EPDM",
              "94,00",
              "1,00",
              "5,00",
              "90,00",
              "1,00",
              "9,00",
              315,
              "false",
              "resicled_materials",
              "resicled_materials",
              "unit",
              "6",
              [
                
              ]
            ]
          },
          {
            "__dict__": true,
            "keys": [
              "id_material",
              "type_material",
              "name",
              "recdis_material",
              "enerdis_material",
              "wastedis_material",
              "recshr_material",
              "enershr_material",
              "wasteshr_material",
              "price_material",
              "pollutant_material",
              "type",
              "database",
              "unit",
              "code",
              "exchanges"
            ],
            "values": [
              8,
              "Polymers",
              "PP with any other additives",
              "94,00",
              "1,00",
              "5,00",
              "0,00",
              "5,00",
              "95,00",
              181,
              "false",
              "resicled_materials",
              "resicled_materials",
              "unit",
              "8",
              [
                
              ]
            ]
          },
          {
            "__dict__": true,
            "keys": [
              "id_material",
              "type_material",
              "name",
              "recdis_material",
              "enerdis_material",
              "wastedis_material",
              "recshr_material",
              "enershr_material",
              "wasteshr_material",
              "price_material",
              "pollutant_material",
              "type",
              "database",
              "unit",
              "code",
              "exchanges"
            ],
            "values": [
              17,
              "Polymers",
              "PE-Film, PS-E (packaging)",
              "15,00",
              "14,00",
              "71,00",
              "0,00",
              "0,00",
              "100,00",
              "",
              "false",
              "resicled_materials",
              "resicled_materials",
              "unit",
              "17",
              [
                
              ]
            ]
          },
          {
            "__dict__": true,
            "keys": [
              "id_material",
              "type_material",
              "name",
              "recdis_material",
              "enerdis_material",
              "wastedis_material",
              "recshr_material",
              "enershr_material",
              "wasteshr_material",
              "price_material",
              "pollutant_material",
              "type",
              "database",
              "unit",
              "code",
              "exchanges"
            ],
            "values": [
              33,
              "Other",
              "Cable (optical)",
              "0,00",
              "0,00",
              "100,00",
              "0,00",
              "0,00",
              "0,00",
              "",
              "true",
              "resicled_materials",
              "resicled_materials",
              "unit",
              "33",
              [
                
              ]
            ]
          },
          {
            "__dict__": true,
            "keys": [
              "id_material",
              "type_material",
              "name",
              "recdis_material",
              "enerdis_material",
              "wastedis_material",
              "recshr_material",
              "enershr_material",
              "wasteshr_material",
              "price_material",
              "pollutant_material",
              "type",
              "database",
              "unit",
              "code",
              "exchanges"
            ],
            "values": [
              29,
              "Other",
              "Other battery",
              "45,00",
              "0,00",
              "55,00",
              "0,00",
              "0,00",
              "0,00",
              "",
              "true",
              "resicled_materials",
              "resicled_materials",
              "unit",
              "29",
              [
                
              ]
            ]
          },
          {
            "__dict__": true,
            "keys": [
              "id_material",
              "type_material",
              "name",
              "recdis_material",
              "enerdis_material",
              "wastedis_material",
              "recshr_material",
              "enershr_material",
              "wasteshr_material",
              "price_material",
              "pollutant_material",
              "type",
              "database",
              "unit",
              "code",
              "exchanges"
            ],
            "values": [
              24,
              "Other",
              "LCD",
              "0,00",
              "0,00",
              "100,00",
              "0,00",
              "0,00",
              "0,00",
              "",
              "true",
              "resicled_materials",
              "resicled_materials",
              "unit",
              "24",
              [
                
              ]
            ]
          },
          {
            "__dict__": true,
            "keys": [
              "id_material",
              "type_material",
              "name",
              "recdis_material",
              "enerdis_material",
              "wastedis_material",
              "recshr_material",
              "enershr_material",
              "wasteshr_material",
              "price_material",
              "pollutant_material",
              "type",
              "database",
              "unit",
              "code",
              "exchanges"
            ],
            "values": [
              4,
              "Polymers",
              "HIPS with any additives",
              "94,00",
              "1,00",
              "5,00",
              "0,00",
              "5,00",
              "95,00",
              281,
              "false",
              "resicled_materials",
              "resicled_materials",
              "unit",
              "4",
              [
                
              ]
            ]
          },
          {
            "__dict__": true,
            "keys": [
              "id_material",
              "type_material",
              "name",
              "recdis_material",
              "enerdis_material",
              "wastedis_material",
              "recshr_material",
              "enershr_material",
              "wasteshr_material",
              "price_material",
              "pollutant_material",
              "type",
              "database",
              "unit",
              "code",
              "exchanges"
            ],
            "values": [
              15,
              "Polymers",
              "SAN",
              "94,00",
              "1,00",
              "5,00",
              "0,00",
              "5,00",
              "95,00",
              793,
              "false",
              "resicled_materials",
              "resicled_materials",
              "unit",
              "15",
              [
                
              ]
            ]
          },
          {
            "__dict__": true,
            "keys": [
              "id_material",
              "type_material",
              "name",
              "recdis_material",
              "enerdis_material",
              "wastedis_material",
              "recshr_material",
              "enershr_material",
              "wasteshr_material",
              "price_material",
              "pollutant_material",
              "type",
              "database",
              "unit",
              "code",
              "exchanges"
            ],
            "values": [
              22,
              "Metals",
              "Metal alloys",
              "80,00",
              "0,00",
              "20,00",
              "70,00",
              "0,00",
              "30,00",
              800,
              "false",
              "resicled_materials",
              "resicled_materials",
              "unit",
              "22",
              [
                
              ]
            ]
          },
          {
            "__dict__": true,
            "keys": [
              "id_material",
              "type_material",
              "name",
              "recdis_material",
              "enerdis_material",
              "wastedis_material",
              "recshr_material",
              "enershr_material",
              "wasteshr_material",
              "price_material",
              "pollutant_material",
              "type",
              "database",
              "unit",
              "code",
              "exchanges"
            ],
            "values": [
              28,
              "Other",
              "Battery (Ni-Cd) (2 type: portable (<1kg); non-portable (>1kg))",
              "70,00",
              "0,00",
              "30,00",
              "0,00",
              "0,00",
              "0,00",
              "",
              "true",
              "resicled_materials",
              "resicled_materials",
              "unit",
              "28",
              [
                
              ]
            ]
          },
          {
            "__dict__": true,
            "keys": [
              "id_material",
              "type_material",
              "name",
              "recdis_material",
              "enerdis_material",
              "wastedis_material",
              "recshr_material",
              "enershr_material",
              "wasteshr_material",
              "price_material",
              "pollutant_material",
              "type",
              "database",
              "unit",
              "code",
              "exchanges"
            ],
            "values": [
              16,
              "Polymers",
              "SAN without additive",
              "94,00",
              "1,00",
              "5,00",
              "0,00",
              "5,00",
              "95,00",
              396,
              "false",
              "resicled_materials",
              "resicled_materials",
              "unit",
              "16",
              [
                
              ]
            ]
          },
          {
            "__dict__": true,
            "keys": [
              "id_material",
              "type_material",
              "name",
              "recdis_material",
              "enerdis_material",
              "wastedis_material",
              "recshr_material",
              "enershr_material",
              "wasteshr_material",
              "price_material",
              "pollutant_material",
              "type",
              "database",
              "unit",
              "code",
              "exchanges"
            ],
            "values": [
              20,
              "Metals",
              "Aluminium",
              "93,00",
              "0,00",
              "7,00",
              "91,00",
              "0,00",
              "9,00",
              370,
              "false",
              "resicled_materials",
              "resicled_materials",
              "unit",
              "20",
              [
                
              ]
            ]
          },
          {
            "__dict__": true,
            "keys": [
              "id_material",
              "type_material",
              "name",
              "recdis_material",
              "enerdis_material",
              "wastedis_material",
              "recshr_material",
              "enershr_material",
              "wasteshr_material",
              "price_material",
              "pollutant_material",
              "type",
              "database",
              "unit",
              "code",
              "exchanges"
            ],
            "values": [
              37,
              "Other",
              "PWB (Rich)",
              "18,00",
              "43,00",
              "39,50",
              "0,00",
              "0,00",
              "0,00",
              "",
              "true",
              "resicled_materials",
              "resicled_materials",
              "unit",
              "37",
              [
                
              ]
            ]
          },
          {
            "__dict__": true,
            "keys": [
              "id_material",
              "type_material",
              "name",
              "recdis_material",
              "enerdis_material",
              "wastedis_material",
              "recshr_material",
              "enershr_material",
              "wasteshr_material",
              "price_material",
              "pollutant_material",
              "type",
              "database",
              "unit",
              "code",
              "exchanges"
            ],
            "values": [
              23,
              "Metals",
              "Other metal",
              "80,00",
              "0,00",
              "20,00",
              "70,00",
              "0,00",
              "30,00",
              900,
              "false",
              "resicled_materials",
              "resicled_materials",
              "unit",
              "23",
              [
                
              ]
            ]
          },
          {
            "__dict__": true,
            "keys": [
              "id_material",
              "type_material",
              "name",
              "recdis_material",
              "enerdis_material",
              "wastedis_material",
              "recshr_material",
              "enershr_material",
              "wasteshr_material",
              "price_material",
              "pollutant_material",
              "type",
              "database",
              "unit",
              "code",
              "exchanges"
            ],
            "values": [
              1,
              "Polymers",
              "ABS",
              "94,00",
              "1,00",
              "5,00",
              "74,00",
              "1,00",
              "25,00",
              200,
              "false",
              "resicled_materials",
              "resicled_materials",
              "unit",
              "1",
              [
                
              ]
            ]
          },
          {
            "__dict__": true,
            "keys": [
              "id_material",
              "type_material",
              "name",
              "recdis_material",
              "enerdis_material",
              "wastedis_material",
              "recshr_material",
              "enershr_material",
              "wasteshr_material",
              "price_material",
              "pollutant_material",
              "type",
              "database",
              "unit",
              "code",
              "exchanges"
            ],
            "values": [
              5,
              "Polymers",
              "PP",
              "94,00",
              "1,00",
              "5,00",
              "90,00",
              "1,00",
              "9,00",
              330,
              "false",
              "resicled_materials",
              "resicled_materials",
              "unit",
              "5",
              [
                
              ]
            ]
          },
          {
            "__dict__": true,
            "keys": [
              "id_material",
              "type_material",
              "name",
              "recdis_material",
              "enerdis_material",
              "wastedis_material",
              "recshr_material",
              "enershr_material",
              "wasteshr_material",
              "price_material",
              "pollutant_material",
              "type",
              "database",
              "unit",
              "code",
              "exchanges"
            ],
            "values": [
              31,
              "Other",
              "Moteur",
              "85,40",
              "0,13",
              "14,47",
              "81,00",
              "0,00",
              "19,00",
              "",
              "false",
              "resicled_materials",
              "resicled_materials",
              "unit",
              "31",
              [
                
              ]
            ]
          },
          {
            "__dict__": true,
            "keys": [
              "id_material",
              "type_material",
              "name",
              "recdis_material",
              "enerdis_material",
              "wastedis_material",
              "recshr_material",
              "enershr_material",
              "wasteshr_material",
              "price_material",
              "pollutant_material",
              "type",
              "database",
              "unit",
              "code",
              "exchanges"
            ],
            "values": [
              9,
              "Polymers",
              "P/E",
              "94,00",
              "1,00",
              "5,00",
              "90,00",
              "1,00",
              "9,00",
              200,
              "false",
              "resicled_materials",
              "resicled_materials",
              "unit",
              "9",
              [
                
              ]
            ]
          },
          {
            "__dict__": true,
            "keys": [
              "id_material",
              "type_material",
              "name",
              "recdis_material",
              "enerdis_material",
              "wastedis_material",
              "recshr_material",
              "enershr_material",
              "wasteshr_material",
              "price_material",
              "pollutant_material",
              "type",
              "database",
              "unit",
              "code",
              "exchanges"
            ],
            "values": [
              34,
              "Other",
              "Bulb",
              "0,00",
              "0,00",
              "100,00",
              "0,00",
              "0,00",
              "0,00",
              "",
              "true",
              "resicled_materials",
              "resicled_materials",
              "unit",
              "34",
              [
                
              ]
            ]
          },
          {
            "__dict__": true,
            "keys": [
              "id_material",
              "type_material",
              "name",
              "recdis_material",
              "enerdis_material",
              "wastedis_material",
              "recshr_material",
              "enershr_material",
              "wasteshr_material",
              "price_material",
              "pollutant_material",
              "type",
              "database",
              "unit",
              "code",
              "exchanges"
            ],
            "values": [
              10,
              "Polymers",
              "PC",
              "94,00",
              "1,00",
              "5,00",
              "0,00",
              "5,00",
              "95,00",
              248,
              "false",
              "resicled_materials",
              "resicled_materials",
              "unit",
              "10",
              [
                
              ]
            ]
          },
          {
            "__dict__": true,
            "keys": [
              "id_material",
              "type_material",
              "name",
              "recdis_material",
              "enerdis_material",
              "wastedis_material",
              "recshr_material",
              "enershr_material",
              "wasteshr_material",
              "price_material",
              "pollutant_material",
              "type",
              "database",
              "unit",
              "code",
              "exchanges"
            ],
            "values": [
              32,
              "Other",
              "Heatsink",
              "93,00",
              "0,00",
              "7,00",
              "0,00",
              "0,00",
              "100,00",
              "",
              "false",
              "resicled_materials",
              "resicled_materials",
              "unit",
              "32",
              [
                
              ]
            ]
          },
          {
            "__dict__": true,
            "keys": [
              "id_material",
              "type_material",
              "name",
              "recdis_material",
              "enerdis_material",
              "wastedis_material",
              "recshr_material",
              "enershr_material",
              "wasteshr_material",
              "price_material",
              "pollutant_material",
              "type",
              "database",
              "unit",
              "code",
              "exchanges"
            ],
            "values": [
              13,
              "Polymers",
              "PA-6",
              "94,00",
              "1,00",
              "5,00",
              "0,00",
              "5,00",
              "95,00",
              15000,
              "false",
              "resicled_materials",
              "resicled_materials",
              "unit",
              "13",
              [
                
              ]
            ]
          },
          {
            "__dict__": true,
            "keys": [
              "id_material",
              "type_material",
              "name",
              "recdis_material",
              "enerdis_material",
              "wastedis_material",
              "recshr_material",
              "enershr_material",
              "wasteshr_material",
              "price_material",
              "pollutant_material",
              "type",
              "database",
              "unit",
              "code",
              "exchanges"
            ],
            "values": [
              21,
              "Metals",
              "Copper",
              "95,00",
              "0,00",
              "5,00",
              "85,00",
              "0,00",
              "15,00",
              2447,
              "false",
              "resicled_materials",
              "resicled_materials",
              "unit",
              "21",
              [
                
              ]
            ]
          }
        ]
      }
    ]
  }
]